::1 - - [27/Jan/2023:06:25:04 +0000] "GET / HTTP/1.1" 404 139 - 3.828 ms
::1 - - [27/Jan/2023:06:25:21 +0000] "GET /todos HTTP/1.1" 304 - - 20.586 ms
::1 - - [27/Jan/2023:06:28:06 +0000] "GET / HTTP/1.1" 404 139 - 6.341 ms
::1 - - [27/Jan/2023:06:28:14 +0000] "GET /todos HTTP/1.1" 304 - - 17.042 ms
::1 - - [27/Jan/2023:08:17:13 +0000] "GET /todos HTTP/1.1" - - - - ms
::1 - - [27/Jan/2023:08:17:49 +0000] "GET /todos HTTP/1.1" - - - - ms
::1 - - [27/Jan/2023:08:19:58 +0000] "GET /todos HTTP/1.1" - - - - ms
::1 - - [27/Jan/2023:08:21:17 +0000] "GET / HTTP/1.1" 404 139 - 3.778 ms
::1 - - [27/Jan/2023:08:23:57 +0000] "GET /todos/create-todo HTTP/1.1" 200 294 - 10051.638 ms
::1 - - [27/Jan/2023:08:23:57 +0000] "GET /todos HTTP/1.1" - - - - ms
::1 - - [27/Jan/2023:08:27:20 +0000] "GET /todos/ HTTP/1.1" - - - - ms
::1 - - [27/Jan/2023:08:27:30 +0000] "GET /todos/create-todo HTTP/1.1" 304 - - 10042.518 ms
::1 - - [27/Jan/2023:08:37:59 +0000] "GET /todos/ HTTP/1.1" - - - - ms
::1 - - [27/Jan/2023:08:58:58 +0000] "GET /todos/ HTTP/1.1" - - - - ms
::1 - - [27/Jan/2023:09:02:25 +0000] "GET /todos/ HTTP/1.1" - - - - ms
::1 - - [27/Jan/2023:09:08:24 +0000] "GET /todos/ HTTP/1.1" - - - - ms
::1 - - [27/Jan/2023:09:08:32 +0000] "GET /todos/ HTTP/1.1" - - - - ms
::1 - - [27/Jan/2023:09:08:42 +0000] "GET /todos/create-todo HTTP/1.1" 304 - - 10054.761 ms
::1 - - [27/Jan/2023:09:12:54 +0000] "GET /todos/create-todo HTTP/1.1" 304 - - 10046.820 ms
::1 - - [27/Jan/2023:09:54:05 +0000] "GET / HTTP/1.1" 404 139 - 2.066 ms
::1 - - [27/Jan/2023:09:54:35 +0000] "GET /todos/create-todo HTTP/1.1" 200 294 - 27.175 ms
::1 - - [27/Jan/2023:09:55:11 +0000] "GET /todos/ HTTP/1.1" 200 283 - 8.225 ms
::1 - - [27/Jan/2023:09:55:33 +0000] "GET /todos/ HTTP/1.1" 304 - - 21.926 ms
::1 - - [27/Jan/2023:09:55:33 +0000] "GET /favicon.ico HTTP/1.1" 404 150 - 1.671 ms
::1 - - [27/Jan/2023:09:55:56 +0000] "GET /todos/create-todo HTTP/1.1" 304 - - 15.866 ms
::1 - - [27/Jan/2023:09:56:00 +0000] "GET /todos/ HTTP/1.1" 304 - - 8.407 ms
::1 - - [27/Jan/2023:09:59:50 +0000] "GET /todos/ HTTP/1.1" 200 358 - 8.008 ms
::1 - - [27/Jan/2023:10:00:07 +0000] "GET /todos/ HTTP/1.1" 200 380 - 7.702 ms
::1 - - [27/Jan/2023:10:26:56 +0000] "GET /todos/create-todo HTTP/1.1" 200 320 - 12.203 ms
::1 - - [27/Jan/2023:10:28:29 +0000] "GET /todos/create-todo HTTP/1.1" 200 470 - 2.008 ms
::1 - - [27/Jan/2023:10:29:08 +0000] "GET /todos/create-todo HTTP/1.1" 200 514 - 2.460 ms
::1 - - [27/Jan/2023:10:29:21 +0000] "POST / HTTP/1.1" 404 140 - 0.710 ms
::1 - - [27/Jan/2023:10:29:31 +0000] "GET /todos/create-todo HTTP/1.1" 200 503 - 1.757 ms
::1 - - [27/Jan/2023:10:29:42 +0000] "POST /todos/create-todo HTTP/1.1" 302 64 - 18.210 ms
::1 - - [27/Jan/2023:10:29:42 +0000] "GET /all-todos HTTP/1.1" 404 148 - 0.664 ms
::1 - - [27/Jan/2023:10:29:52 +0000] "GET /todos/all-todos HTTP/1.1" 404 154 - 1.034 ms
::1 - - [27/Jan/2023:10:29:58 +0000] "GET /todos/all-todo HTTP/1.1" 404 153 - 0.836 ms
::1 - - [27/Jan/2023:10:30:10 +0000] "GET /todos/ HTTP/1.1" 200 420 - 9.930 ms
